Case #1: 0 0 0 0 1
Case #2: 0 0 0
Case #3: 0 0 0 0 0 1 1 2 1
Case #4: 0 0 0 0 1 0 0 1 1 0 0 2 3 1 0 1 1 2 3
Case #5: 0 0 1 0 2 2
Case #6: 0 0 0 1 0 1 2 1 2 2 2 3 3 3 0 1 4 1 4 0 2 4 1 3
Case #7: 0 0 0 0 1 0
Case #8: 0 0 0 1 0 2
Case #9: 0 0 1 0 1 1 1 0 2 1 0 2 1 2 3 3 3 2 2 2 2 4 2 0 3 2 4 3 4
Case #10: 0 0 1 1 1 2 1 2 0 2 2 3 0 1 0 3 3 2 1 3 4 2
Case #11: 0 1 0 0 1 1 2 0 1 0 1 0 1 2
Case #12: 0 1 0 1 0 2 1 1 1 2 3 3 2 3 3 4 4 1 2
Case #13: 0 0 0 1 0 1 1 2 2 1 2 1 3 2 2 2 1 2 2 2 2 3 2 4 3 3 3
Case #14: 0 0 0 0 1 1 1 1
Case #15: 0 1 2 0 2 0 1 0 3 4 1 3 3 1 1 4 3 1 4 4 1 3 2
Case #16: 0 1 2 0 0 0
Case #17: 0 0 1 2 1 0 0 2 2 3 3 4 4 2 0 0 1 4 4 2 2 5 1
Case #18: 0 1 0 2 1 1 0 0 2 3 2 1 3 1 4 4 4 0 3
Case #19: 0 0 0 1 0 0 1
Case #20: 0 0 0 0
Case #21: 0 0 1 2 1 1 2 1 2 2 0 2 0 3 3 4 3 3 1 1 2 4 3 3 1 0 4 3 5 2
Case #22: 0 0 0 0 1
Case #23: 0 0 0 0 1 2 0 1 3 0 1 4 4 5 2 1 2
Case #24: 0 0 0 1 1 1 1 1 2 0 0 1 1 2 3 2 3 2 1 1 1 2 1 0
Case #25: 0 0 1 1 0 1 2 1 2 0 2 1 1 0
Case #26: 0 0 1 1 2 2 1 0 2 1 1 3 2 3 0 0 2 3 2 2 3 4 4
Case #27: 0 0 0 1 1 1 2 2 2 3 3 3 1 3 2 3 4 4 2 5 3 1 3 0 5 4 0 1 6 2
Case #28: 0 1 0 1 0
Case #29: 0 0 0 0 0 0 0 0 0 0 0 0 0 0 0 0 0 0 0 0 0 0 0 0 0 0 0 0 0 0
Case #30: 0 0 0 1 1
Case #31: 0 0 0 0 1 1 0 1 1 1 1 1
Case #32: 0 0 0 1 1 0 1 0 2 1 0 1 1 1 1 1 2 3 1 1 2
Case #33: 0 1 0 0 1 2 1 1 2 1 1 2 0 0 3 3 3 2 1 3 0 2 3 4 2 2 2 3 3 1
Case #34: 0 0 0 1 2
Case #35: 0 1 1 0 0 0 0 0 1 1 1 0 2 2 2 2 1 1 2 2 2 2 1
Case #36: 0 0 1 0 1 1 2 1 2 2 1 1 0 1 0
Case #37: 0 0 1 0 0 0 1 2 0 1 2 3 1 3 1 3 1 1 1 2 2 2 1 2 3 2 1 4 1
Case #38: 0 0 0 0 1 0 1 0
Case #39: 0 0 0 1 0 2 1 2 3 1 2 2 0 0 1 3
Case #40: 0 0 1 0 1 0 1
Case #41: 0 1 0 2 3 0 0 1 4 1
Case #42: 0 1 0 0 1 1 2 0 1 1 2
Case #43: 0 1 0 1 1 0 2 1 2 2 2 0
Case #44: 0 0 0 1 1 2 1 2 2 3 1 0 4 1 0 2 1 0 2 2 2 3 1 3 2 2
Case #45: 0 0 0 1 0 1 0 1 1
Case #46: 0 0 0 1 1 1 2 1
Case #47: 0 0 0 1 2 1 2 0 3 3 0 1 4 3 1 3 2 3 4 3 2 3 4
Case #48: 0 0 0 1 1 1 1 1 2 2 0 1 2 1 3 1 3 0 0 1 4
Case #49: 0 0 1 1 2 2 2 3 2 2 3 3 2 1 4 4 4 0 0
Case #50: 0 1 0 0
Case #51: 0 1 0 0 0 0 1 2 0 1 0 2 3 1 1 2 1 2 3 2 2
Case #52: 0 0 1 1 2 0 1 1
Case #53: 0 0 1 0
Case #54: 0 0 0 1 0 0 1 2 2 1 1 0 1 1 2 1 2 2 0 1 2 3 1 1 2 3 3 1 4
Case #55: 0 0 0 1 2 3 4 5 6 7 8 9 10 11 12 13 14 15 16 17 18 19 20 21 22 23 24 25 26 27
Case #56: 0 0 1 1 0 0 1
Case #57: 0 0 0 0 0 0 0 0 0 0 0 0 0 0 0 0 0 0 0 0 0 0 0 0 0 0 0 0 0 0
Case #58: 0 0 1 0 0 0
Case #59: 0 1 0 1 1 2 2 3 2 4 2 0 4 5 1 4 0 2 6 2 2 2 2
Case #60: 0 0 1 0 2 2 2 1 0 2 1 3 2 0 0 3 2 1 1 3 3 2 4
Case #61: 0 0 0 1 0 0 0 1 0
Case #62: 0 0 0 0 1 1 2 2 1 3 0 0
Case #63: 0 0 0 0 0 0 0 0 1 1
Case #64: 0 0 1 2 1 1 3 0 0 4 4 0 2 5 5 2 3 5 6 1 3 2 2 5 7 0
Case #65: 0 0 1 1 1 2 2 2 2 0 3 0 1 0 0 1
Case #66: 0 0 0 1 1 0 2
Case #67: 0 0 1 1 1 2 2 3 2 0 3 3 0 2 3 1 4
Case #68: 0 1 0 0 0 0 1 1 2 2 3 3
Case #69: 0 1 2 0 1 0 2 3
Case #70: 0 0 1 0 1 1 1 2 2 3 2 2 1 2 0 2 1 2 1 1 2 2 2
Case #71: 0 0 1 1 1 0 0 2 0 2 2 2 3 1 0 1 1 1 4 2 1 2 3 1 1 2 5 3 2 3
Case #72: 0 1 0 2 3 3 2 3 1 2 0 2 3 1 4 0
Case #73: 0 0 1 0 1 0 1 1 2 0 1 0 2 2 2 1 3 0 2 2 1
Case #74: 0 0 0 1 1 1 2 0 3 2 3 1 3
Case #75: 0 0 0 0 0 1 1 2 1 2 2
Case #76: 0 0 1 2 2 0 2 2 3 0 3 3 1
Case #77: 0 1 1 1 2 0 0 3 1 2 2 0 1 1 2 1 3 0
Case #78: 0 0 0 0 1 2 1 1 1 1 2 3 3 0 2 2 1 3 3 0 2 4
Case #79: 0 1 0 0 0 1 0 0 1 2 0 2 1 1 3 2 1 2 1 0
Case #80: 0 0 0 1 0 1 1 1 0 2
Case #81: 0 0 0 1 1 1 0 0 2 1 1 2 2 2 1 3 0
Case #82: 0 0 0 1 0 0 1 2 0 1 1 1 3 1 1 1 2 4 2 2 1 0 2 1 2 4 2 0 2
Case #83: 0 0 0 1 0 2 2 3 1 2 0 3 1 1 3 1 2 1 3 2 3 3 4 4
Case #84: 0 0 1 2 1 2 1 2 2 1 2 2 2 2 2 0 3 3 0
Case #85: 0 0 1 0 0 1 2 1
Case #86: 0 0 1 1 2 0 2 3 0 2 4 0 0 1 1 3 1 2 3 3 3 1 0 2 2 1 3 3 4 1
Case #87: 0 0 0 0 1 1 0 2 1 1 1 0 1 1 3 1 2 1 0
Case #88: 0 0 1 1 0 1 2 2 2 2 3 2 3 0 4 2 5 1
Case #89: 0 1 1 1 2 3 3 2 2 2 0 2 3 3 4 0 4 4 2 3 4 5 4 3 5 5 3 3 6
Case #90: 0 1 1 0 0 0 0 1 1 2 1 2 1 2 2 1 0 2
Case #91: 0 0 1 2 2 3 3 4 1 1 0 2 0 1 1 2 3 3 5 4 0 3
Case #92: 0 0 1 2 2 1 1 0
Case #93: 0 0 0 0 1
Case #94: 0 0 0 1 0 1 1 2 1 1 0 0 2 1 2 3
Case #95: 0 1 0 1 0 0 2 2 1 3 1 2 1 3 2 1 0 1 3 2 1 3
Case #96: 0 0 0 1 1 2
Case #97: 0 1 0 1 2 2 0 2 3 0 1 1 1 3 1 0 1 2 2 3 4 1 3 1
Case #98: 0 0 1 0 1
Case #99: 0 0 0 0 1 1 0 1
Case #100: 0 1 0 0 0 1 1 1 1 2 1 2 3 2 0 1 0 2 2 1 3 2 2
