Case #1: 1 0 0 0 1
Case #2: 0 0 0
Case #3: 1 0 1 0 1 1 0 1 1
Case #4: 0 0 1 2 1 2 0 0 1 2 2 1 2 1 2 2 3 2 3 3
Case #5: 0 1 2 0 1 0 0 2 3 1 1 4 4 5
Case #6: 0 0 0 0
Case #7: 5 4 3 6 5 6 7 2 1 6 7 7 0 0 1 6 0
Case #8: 1 0 0 0
Case #9: 1 0 0 2 0 1 1 2 1
Case #10: 0 1 2 1 0 0 0 2 1 1 0 1 3 4 3 3 4 1 3 1 1
Case #11: 1 0 1 0 0 1 2 1 0 1 0 3 2 1 1 3 2 3 0 1 2 2 3 2 2 3 4 3 5
Case #12: 1 2 2 0 0 1 3 1 0
Case #13: 0 0 1 0 1 1 2 1 1 2 2 0 2 0 2 1 1 3 1 3
Case #14: 0 0 1 0 1 2 0 0 2 0 1 1 2 3 1
Case #15: 0 0 1 2 1 0 1 3 1 4 2 2 0 0 1 0 0 3 1 1 2 2 0 2 3 3 1 3
Case #16: 0 0 0 0 0 0 0 0 0 0 0 0 0 0 0 0 0 0 0 0 0 0 0 0 0 0 0 0 0 0
Case #17: 2 3 1 0 1 2 2 1 4 3 0 4 5 0 3 0 0 5 4 4 3 5 2 1 5 1 2 4 6 6
Case #18: 2 1 0 0 3 3 1 1 2 4 1 4 2 1 2 2 5 3 2 5 6 2 2 4 3 3 3 7 4 0
Case #19: 0 0 0 1 2 3 4 5 6 7 8 9 10 11 12 13 14 15 16 17 18 19 20 21 22 23 24 25 26 27
Case #20: 0 0 1 0
Case #21: 0 0 0 1 0 2 3 0 2 4 4 1 4 0 3 1 1 0 1 3 2 1 1 4 4 5 4 6
Case #22: 0 0 0 1 0 0 1 1 1 1 1 2 2 2 3 1 2 2 2 3 0 0 2 3 1 1 2 4 3
Case #23: 0 0 0 0 1 0 1 1 1 0 1 1 1 1 0 0
Case #24: 1 0 0 2 3 1 0 2 2 0 2 0 3
Case #25: 0 0 0 1 1
Case #26: 0 0 1 0 0 0 1 1 0 0 2 1 1
Case #27: 1 2 3 3 0 1 2 0 4 2 1 1 0 1 2 2 0 1 1
Case #28: 0 0 1 0 0 0 0 1 1 1 0 1 2 1 3 1 1 4 1 1 2 1 3 1 2 2
Case #29: 0 0 1 2 1 1 0 1 0 1 2 2 1 3 3 0 3 4 1 3 3 1
Case #30: 1 0 0 1 2 1 0 0
Case #31: 2 1 2 3 0 2 3 4 5 0 0 3 3 3 0 1 4 0 2 1 4
Case #32: 0 1 1 0 2 3 2 0 4 3 0 1 5 3
Case #33: 1 2 2 3 3 2 3 4 5 0 6 0 0 0 3 4 6 1 2 1 2 5 1 5 3 4 2 4 4 5
Case #34: 1 0 0 2 0 1 1 0 1 1 2 2 2 1 3
Case #35: 0 0 1 2 1 2 0 1
Case #36: 1 2 0 0 2 0 2 0 3
Case #37: 1 0 1 1 2 1 0 2 1 3 1 2 1 3 4 0 1 5 5 0 2 6 2 3 7 0 4 6 4 5
Case #38: 0 0 0 1 0 1 0 1 1 0 2 0
Case #39: 0 1 1 0 2 0 1
Case #40: 0 0 1 1 0 2 3 3 3 0 1 0 4
Case #41: 0 1 0 0 0 1 2 2
Case #42: 2 1 2 0 0 0 3 0 1
Case #43: 0 1 2 0 1 1 2 0 2 3 4 2 5 1 6 2 0 5 4 1 5 3 6
Case #44: 0 1 0 1 1 0 0 1 1 2 2 1
Case #45: 1 0 1 0 0
Case #46: 0 0 0 1 1
Case #47: 27 26 25 24 23 22 21 20 19 18 17 16 15 14 13 12 11 10 9 8 7 6 5 4 3 2 1 0 0 0
Case #48: 1 0 0 1 1 2 0 1 0 0 2 0 2 2 2 1 3 2 3 0 1 2 2 3 4
Case #49: 1 0 1 0 1 0 2 3 4 1 2
Case #50: 1 0 2 1 0 2 0 1 1 1 2 1 3 2 3 2 3 3 0 4 0 2 4 3 4 5 3 3 2
Case #51: 1 0 1 0 2 0 0 0 1 3 2 4 1 3 3 4
Case #52: 1 0 0 2 2 0 3 1 3 1 0 1 2 1 1
Case #53: 0 0 0 0 0 0 1 0 1 0 1 0 1 2 2 1 3 1 0 2 3 1 1 3 0 0 4
Case #54: 0 0 0 1 1 1 1 1 2 2
Case #55: 0 0 1 2 0 2 3 2 0 1 1 2 2 0 3 1 3 4 0 2 0 1 2 1 2 3 1 3 1
Case #56: 1 0 0 1 2 0 0 1 2 2 1 1 0 1
Case #57: 0 0 0 0
Case #58: 0 0 0 1 0 1 2 1 3 0
Case #59: 0 0 1 0 1
Case #60: 0 0 1 0 2 2 1 1 3 1 2 3
Case #61: 0 0 1 0 2 1 1 2 2 1 2 3 3 2 0 3 4 1 4 2 4 0 1 5 2 3 3 1 5
Case #62: 1 0 0 0 1 2
Case #63: 0 0 0 1 1 2 1 0 1
Case #64: 0 0 0 1 2 0 1 2 3 3 0 1 4 0 1 3 1 2 5 1 4 0 1 1 3 1 0 2 1
Case #65: 0 1 1 0 0 0
Case #66: 1 0 2 2 0 3 2 0 3 3 2 0 1 3 1 3 2 3 3 4 4 2
Case #67: 0 1 1 0 1 2 0 0 1
Case #68: 0 0 1 2 0 2 1 1 2 2 3 3 4 2 3 4 2 3 3 2 3 2 1 2 3
Case #69: 0 0 0 1 0
Case #70: 0 0 1 2 0 2 1 1 1 2 3
Case #71: 1 0 0 1 0 0 0 0 1
Case #72: 4 3 2 1 0 5 0 1 6 0 7 3 2 1
Case #73: 0 1 0 2 0 3 1 2 0 1 0 2 1 1 2 3 3 2 2 2 2 2
Case #74: 0 0 0 0 1
Case #75: 1 0 1 0 2 2 3 0 1 4 2 1 1 3 0 0 1 3 1 1 1 1 2 2 2 5 2 5
Case #76: 0 0 0 1 1 1 0 1 2 1 1 2 3
Case #77: 0 0 1 0 0 1 2 0 3 0 1 1 1 2 2 1 0 1 2 3 3 1 2 1 2 2 2 2 1
Case #78: 0 0 0 0 0 1 1 2 1 2 1 3 4 2 3 3 4 3 2 1 3 0 3 2
Case #79: 0 0 0 0 1 2
Case #80: 0 0 0 1 0 1 2 0 3 1 1 2 2 3 2 2 3 1 0 1 4 5 4 1 0 6 0 1 1 1
Case #81: 0 1 0 0 0 0 1 1 2 1 2 0 2 1 0 1 1 2 1 2 3 1 0 2
Case #82: 1 0 1 0 0 1 0 1 2 2 1 1 1 2 3 2 4 2 2 1 3 0 2
Case #83: 1 0 0 1 0 1 1 1 0 1
Case #84: 0 1 0 0 1 2
Case #85: 2 1 2 3 0 2 0 3 0 3 3 3 1 1 1 2 2 1 0
Case #86: 2 1 0 2 3 3 3 2 3 3 3 4 4 0 2 4 3 3 4 5 4 5 0 6
Case #87: 0 0 0 1 0 1 1 1 0 2 1 2
Case #88: 0 1 1 0 0 0 0 1 1 2 1 1 1 2 1 1 2
Case #89: 1 0 0 1 1 2 2 0 2 0 3 4 1 5
Case #90: 1 0 2 0 1 1 2 1 1 2 1 2 2 3 3 2 0 1 3 1 2 3 3 2 1 1 3 2
Case #91: 0 0 1 0 1 1 2 1 1
Case #92: 2 1 0 3 0 0 4 4 3 5 4 0 0 5 1 5 3 4 3 0 1 5 4 6 0 4 7
Case #93: 0 1 0 1 2 0 3 1 0 2 1 2 1 0 1 3 3
Case #94: 0 1 2 3 4 0 1 1 2 0 1 2 2 1 5 3 3 5 6 2 1 4
Case #95: 1 2 3 0 2 3 0 0 3 3 3 1 1 2 0 0 1 2 2 3
Case #96: 2 1 0 0 3 1 3 2 1 0
Case #97: 0 0 0 0 1 0 2 1 1 1
Case #98: 0 1 0 0 1 1 1
Case #99: 0 0 1 0 2 0
Case #100: 0 0 0 0 0
